  glad.c
  GLSL.cpp
  main.cpp
d:\nsciacqu\lab terrain tesselation try\src\main.cpp(46): warning C4244: '=': conversion from 'double' to 'float', possible loss of data
d:\nsciacqu\lab terrain tesselation try\src\main.cpp(50): warning C4244: '=': conversion from 'double' to 'float', possible loss of data
d:\nsciacqu\lab terrain tesselation try\src\main.cpp(54): warning C4244: '=': conversion from 'double' to 'float', possible loss of data
d:\nsciacqu\lab terrain tesselation try\src\main.cpp(56): warning C4244: '=': conversion from 'double' to 'float', possible loss of data
d:\nsciacqu\lab terrain tesselation try\src\main.cpp(185): warning C4305: 'initializing': truncation from 'double' to 'float'
d:\nsciacqu\lab terrain tesselation try\src\main.cpp(350): warning C4305: 'initializing': truncation from 'double' to 'float'
d:\nsciacqu\lab terrain tesselation try\src\main.cpp(360): warning C4244: '=': conversion from 'int' to 'float', possible loss of data
d:\nsciacqu\lab terrain tesselation try\src\main.cpp(361): warning C4244: '=': conversion from 'int' to 'float', possible loss of data
  MatrixStack.cpp
  Program.cpp
  Shape.cpp
d:\nsciacqu\lab terrain tesselation try\src\shape.cpp(65): warning C4018: '<': signed/unsigned mismatch
  WindowManager.cpp
  Generating Code...
glfw3.lib(context.obj) : warning LNK4099: PDB 'glfw.pdb' was not found with 'glfw3.lib(context.obj)' or at 'D:\nsciacqu\lab terrain tesselation TRY\Debug\glfw.pdb'; linking object as if no debug info
glfw3.lib(init.obj) : warning LNK4099: PDB 'glfw.pdb' was not found with 'glfw3.lib(init.obj)' or at 'D:\nsciacqu\lab terrain tesselation TRY\Debug\glfw.pdb'; linking object as if no debug info
glfw3.lib(input.obj) : warning LNK4099: PDB 'glfw.pdb' was not found with 'glfw3.lib(input.obj)' or at 'D:\nsciacqu\lab terrain tesselation TRY\Debug\glfw.pdb'; linking object as if no debug info
glfw3.lib(monitor.obj) : warning LNK4099: PDB 'glfw.pdb' was not found with 'glfw3.lib(monitor.obj)' or at 'D:\nsciacqu\lab terrain tesselation TRY\Debug\glfw.pdb'; linking object as if no debug info
glfw3.lib(vulkan.obj) : warning LNK4099: PDB 'glfw.pdb' was not found with 'glfw3.lib(vulkan.obj)' or at 'D:\nsciacqu\lab terrain tesselation TRY\Debug\glfw.pdb'; linking object as if no debug info
glfw3.lib(window.obj) : warning LNK4099: PDB 'glfw.pdb' was not found with 'glfw3.lib(window.obj)' or at 'D:\nsciacqu\lab terrain tesselation TRY\Debug\glfw.pdb'; linking object as if no debug info
glfw3.lib(win32_init.obj) : warning LNK4099: PDB 'glfw.pdb' was not found with 'glfw3.lib(win32_init.obj)' or at 'D:\nsciacqu\lab terrain tesselation TRY\Debug\glfw.pdb'; linking object as if no debug info
glfw3.lib(win32_joystick.obj) : warning LNK4099: PDB 'glfw.pdb' was not found with 'glfw3.lib(win32_joystick.obj)' or at 'D:\nsciacqu\lab terrain tesselation TRY\Debug\glfw.pdb'; linking object as if no debug info
glfw3.lib(win32_monitor.obj) : warning LNK4099: PDB 'glfw.pdb' was not found with 'glfw3.lib(win32_monitor.obj)' or at 'D:\nsciacqu\lab terrain tesselation TRY\Debug\glfw.pdb'; linking object as if no debug info
glfw3.lib(win32_time.obj) : warning LNK4099: PDB 'glfw.pdb' was not found with 'glfw3.lib(win32_time.obj)' or at 'D:\nsciacqu\lab terrain tesselation TRY\Debug\glfw.pdb'; linking object as if no debug info
glfw3.lib(win32_tls.obj) : warning LNK4099: PDB 'glfw.pdb' was not found with 'glfw3.lib(win32_tls.obj)' or at 'D:\nsciacqu\lab terrain tesselation TRY\Debug\glfw.pdb'; linking object as if no debug info
glfw3.lib(win32_window.obj) : warning LNK4099: PDB 'glfw.pdb' was not found with 'glfw3.lib(win32_window.obj)' or at 'D:\nsciacqu\lab terrain tesselation TRY\Debug\glfw.pdb'; linking object as if no debug info
glfw3.lib(wgl_context.obj) : warning LNK4099: PDB 'glfw.pdb' was not found with 'glfw3.lib(wgl_context.obj)' or at 'D:\nsciacqu\lab terrain tesselation TRY\Debug\glfw.pdb'; linking object as if no debug info
glfw3.lib(egl_context.obj) : warning LNK4099: PDB 'glfw.pdb' was not found with 'glfw3.lib(egl_context.obj)' or at 'D:\nsciacqu\lab terrain tesselation TRY\Debug\glfw.pdb'; linking object as if no debug info
  lab terrain.vcxproj -> D:\nsciacqu\lab terrain tesselation TRY\Debug\lab terrain.exe
